[INFO] Scanning for projects...
[INFO] 
[INFO] -------------------< org.example:research-2023-kmbr >-------------------
[INFO] Building research-2023-kmbr 1.0-SNAPSHOT
[INFO]   from pom.xml
[INFO] --------------------------------[ jar ]---------------------------------
[INFO] 
[INFO] --- exec:3.1.0:java (default-cli) @ research-2023-kmbr ---
K: 5
NUM_OF_POINTS: 50000

(Without cache) Runtime: 0.179, MBR size: 0.023827418779418963
(With cache) Runtime: 0.005, MBR size: 0.023827418779418963

(Without cache) Runtime: 0.09, MBR size: 0.015494786459015586
(With cache) Runtime: 0.002, MBR size: 0.015494786459015586

(Without cache) Runtime: 0.094, MBR size: 0.013990474590826807
(With cache) Runtime: 0.003, MBR size: 0.013990474590826807

(Without cache) Runtime: 0.052, MBR size: 0.022724776169681604
(With cache) Runtime: 0.002, MBR size: 0.022724776169681604

(Without cache) Runtime: 0.052, MBR size: 0.014592017708707772
(With cache) Runtime: 0.002, MBR size: 0.014592017708707772

(Without cache) Runtime: 0.092, MBR size: 0.01901930961038545
(With cache) Runtime: 0.004, MBR size: 0.01901930961038545

(Without cache) Runtime: 0.053, MBR size: 0.006943593478347054
(With cache) Runtime: 0.002, MBR size: 0.006943593478347054

(Without cache) Runtime: 0.037, MBR size: 0.03072587730454046
(With cache) Runtime: 0.002, MBR size: 0.03072587730454046

(Without cache) Runtime: 0.042, MBR size: 0.015844221564719874
(With cache) Runtime: 0.001, MBR size: 0.015844221564719874

(Without cache) Runtime: 0.041, MBR size: 0.009314441826312247
(With cache) Runtime: 0.002, MBR size: 0.009314441826312247
[INFO] ------------------------------------------------------------------------
[INFO] BUILD SUCCESS
[INFO] ------------------------------------------------------------------------
[INFO] Total time:  14.390 s
[INFO] Finished at: 2023-06-25T15:22:34+09:00
[INFO] ------------------------------------------------------------------------
